2025-03-19 12:40:52 - src.stock_price.components.data_ingestion - INFO - Initialized ingestion for AAPL from 2025-02-17 to 2025-03-19
2025-03-19 12:40:52 - src.stock_price.components.data_ingestion - INFO - Starting full data ingestion and merging
2025-03-19 12:40:52 - src.stock_price.components.data_ingestion - INFO - Fetching stock prices for AAPL from 2025-02-17 to 2025-03-19
2025-03-19 12:40:53 - src.stock_price.components.data_ingestion - DEBUG - Stock data sample:
Price            Close        High         Low        Open    Volume
Date                                                                
2025-02-18  244.470001  245.179993  241.839996  244.149994  48822500
2025-02-19  244.869995  246.009995  243.160004  244.660004  32204200
2025-02-20  245.830002  246.779999  244.289993  244.940002  32316900
2025-02-21  245.550003  248.690002  245.220001  245.949997  53197400
2025-02-24  247.100006  248.860001  244.419998  244.929993  51326400
2025-02-25  247.039993  250.000000  244.910004  248.000000  48013300
2025-02-26  240.360001  244.979996  239.130005  244.330002  44433600
2025-02-27  237.300003  242.460007  237.059998  239.410004  41153600
2025-02-28  241.839996  242.089996  230.199997  236.949997  56833400
2025-03-03  238.029999  244.029999  236.110001  241.789993  47184000
2025-03-04  235.929993  240.070007  234.679993  237.710007  53798100
2025-03-05  235.740005  236.550003  229.229996  235.419998  47227600
2025-03-06  235.330002  237.860001  233.160004  234.440002  45170400
2025-03-07  239.070007  241.369995  234.759995  235.110001  46273600
2025-03-10  227.479996  236.160004  224.220001  235.539993  72071200
2025-03-11  220.839996  225.839996  217.449997  223.809998  76137400
2025-03-12  216.979996  221.750000  214.910004  220.139999  62547500
2025-03-13  209.679993  216.839996  208.419998  215.949997  61368300
2025-03-14  213.490005  213.949997  209.580002  211.250000  60107600
2025-03-17  214.000000  215.220001  209.970001  213.309998  48073400
2025-03-18  212.690002  215.149994  211.490005  214.160004  42391800
2025-03-19 12:40:53 - src.stock_price.components.data_ingestion - INFO - Fetching sentiment scores for AAPL
2025-03-19 12:40:54 - src.stock_price.components.data_ingestion - DEBUG -           Date  normalized
0   2025-03-18      0.5730
1   2025-03-17      0.7906
2   2025-03-16      0.7268
3   2025-03-15      0.8799
4   2025-03-14      0.5616
5   2025-03-13      0.5107
6   2025-03-12      0.3185
7   2025-03-11      0.6609
8   2025-03-10      0.7243
9   2025-03-09      0.9970
10  2025-03-08      0.7937
11  2025-03-07      0.5587
12  2025-03-06      0.8736
13  2025-03-05      0.8068
14  2025-03-04      0.6032
15  2025-03-03      0.5068
16  2025-03-02      0.9940
17  2025-03-01      0.6294
18  2025-02-28      0.8207
19  2025-02-27      0.6200
20  2025-02-26      0.8101
21  2025-02-25      0.4600
22  2025-02-24      0.5096
23  2025-02-23      0.7799
24  2025-02-22      0.9980
25  2025-02-21      0.2336
26  2025-02-20      0.6907
27  2025-02-19      0.6479
28  2025-02-18      0.6706
29  2025-02-17      0.7763
2025-03-19 12:40:54 - src.stock_price.components.data_ingestion - INFO - Merged data shape (21, 7)
2025-03-19 12:40:54 - src.stock_price.components.data_ingestion - DEBUG - Merged data head
         Date       Close        High         Low        Open    Volume  normalized
0  2025-02-18  244.470001  245.179993  241.839996  244.149994  48822500      0.6706
1  2025-02-19  244.869995  246.009995  243.160004  244.660004  32204200      0.6479
2  2025-02-20  245.830002  246.779999  244.289993  244.940002  32316900      0.6907
3  2025-02-21  245.550003  248.690002  245.220001  245.949997  53197400      0.2336
4  2025-02-24  247.100006  248.860001  244.419998  244.929993  51326400      0.5096
2025-03-19 12:40:54 - __main__ - INFO - Initialized DataPreprocessor with scaler path: artifacts\preprocessors\stock price
2025-03-19 12:40:54 - __main__ - INFO - Starting data preprocessing
2025-03-19 12:40:54 - __main__ - INFO - Scaler path updated: artifacts\preprocessors\stock price\apple_scaler.pkl
2025-03-19 12:40:54 - __main__ - INFO - Loaded scaler from artifacts\preprocessors\stock price\apple_scaler.pkl
2025-03-19 12:40:54 - __main__ - INFO - Preprocessed data shape: (21, 6)
2025-03-19 12:40:54 - __main__ - DEBUG - Preprocessed data sample:
        Close        High         Low        Open    Volume  normalized
0  244.470001  245.179993  241.839996  244.149994  48822500      0.6706
1  244.869995  246.009995  243.160004  244.660004  32204200      0.6479
2  245.830002  246.779999  244.289993  244.940002  32316900      0.6907
3  245.550003  248.690002  245.220001  245.949997  53197400      0.2336
4  247.100006  248.860001  244.419998  244.929993  51326400      0.5096
2025-03-19 12:40:54 - __main__ - DEBUG -        Close      High       Low      Open    Volume  normalized    Target
0   1.913879  1.887700  1.911669  1.912719 -0.849970    0.607189  1.921049
1   1.921049  1.902464  1.935546  1.921869 -1.168761    0.519982  1.938256
2   1.938256  1.916162  1.955986  1.926893 -1.166599    0.684407  1.933237
3   1.933237  1.950138  1.972809  1.945015 -0.766045   -1.071642  1.961020
4   1.961020  1.953162  1.958338  1.926714 -0.801937   -0.011328  1.959944
5   1.959944  1.973441  1.967201  1.981796 -0.865493   -0.201877  1.840211
6   1.840211  1.884142  1.862650  1.915948 -0.934163    1.143109  1.785363
7   1.785363  1.839315  1.825207  1.827674 -0.997083    0.412798  1.866739
8   1.866739  1.832733  1.701120  1.783536 -0.696295    1.183831  1.798448
9   1.798448  1.867243  1.808023  1.870375 -0.881401   -0.022085  1.760807
10  1.760807  1.796801  1.782156  1.797172 -0.754522    0.348257  1.757402
11  1.757402  1.734185  1.683574  1.756085 -0.880565    1.130431  1.750053
12  1.750053  1.757488  1.754662  1.738501 -0.920028    1.387058  1.817089
13  1.817089  1.819925  1.783603  1.750523 -0.898866    0.177300  1.609349
14  1.609349  1.727247  1.592951  1.758238 -0.403987    0.813489  1.490333
15  1.490333  1.543669  1.470492  1.547777 -0.325984    0.569924  1.421146
16  1.421146  1.470914  1.424548  1.481930 -0.586681   -0.745480  1.290300
17  1.290300  1.383572  1.307153  1.406753 -0.609302   -0.007102  1.358591
18  1.358591  1.332164  1.328136  1.322425 -0.633486    0.188441  1.367732
19  1.367732  1.354755  1.335191  1.359386 -0.864340    1.068195  1.344251
20  1.344251  1.353510  1.362685  1.374637 -0.973331    0.232237       NaN
